[0.000000] (-) TimerEvent: {}
[0.000436] (temperature_monitoring) JobQueued: {'identifier': 'temperature_monitoring', 'dependencies': OrderedDict()}
[0.000517] (temperature_monitoring) JobStarted: {'identifier': 'temperature_monitoring'}
[0.010294] (temperature_monitoring) JobProgress: {'identifier': 'temperature_monitoring', 'progress': 'cmake'}
[0.010518] (temperature_monitoring) Command: {'cmd': ['/usr/bin/cmake', '/ros2_ws/src/sze_a0t_temperature_monitoring', '-DAMENT_CMAKE_SYMLINK_INSTALL=1', '-DCMAKE_INSTALL_PREFIX=/ros2_ws/src/sze_a0t_temperature_monitoring/install/temperature_monitoring'], 'cwd': '/ros2_ws/src/sze_a0t_temperature_monitoring/build/temperature_monitoring', 'env': OrderedDict([('LESSOPEN', '| /usr/bin/lesspipe %s'), ('USER', 'levente'), ('SHLVL', '1'), ('LD_LIBRARY_PATH', '/opt/ros/humble/opt/rviz_ogre_vendor/lib:/opt/ros/humble/lib/x86_64-linux-gnu:/opt/ros/humble/lib'), ('MOTD_SHOWN', 'update-motd'), ('HOME', '/home/levente'), ('OLDPWD', '/ros2_ws/src'), ('ROS_PYTHON_VERSION', '3'), ('DBUS_SESSION_BUS_ADDRESS', 'unix:path=/run/user/1000/bus'), ('WSL_DISTRO_NAME', 'Ubuntu-22.04'), ('WAYLAND_DISPLAY', 'wayland-0'), ('COLCON_PREFIX_PATH', '/ros2_ws/install'), ('ROS_DISTRO', 'humble'), ('LOGNAME', 'levente'), ('NAME', 'Leventelaptop'), ('WSL_INTEROP', '/run/WSL/474_interop'), ('PULSE_SERVER', 'unix:/mnt/wslg/PulseServer'), ('_', '/usr/bin/colcon'), ('ROS_VERSION', '2'), ('TERM', 'xterm-256color'), ('ROS_LOCALHOST_ONLY', '0'), ('PATH', '/opt/ros/humble/bin:/usr/local/sbin:/usr/local/bin:/usr/sbin:/usr/bin:/sbin:/bin:/usr/games:/usr/local/games:/usr/lib/wsl/lib:/mnt/c/Program Files/PlasticSCM5/server:/mnt/c/Program Files/PlasticSCM5/client:/mnt/c/Program Files (x86)/Common Files/Oracle/Java/java8path:/mnt/c/Program Files (x86)/Common Files/Oracle/Java/javapath:/mnt/c/WINDOWS/system32:/mnt/c/WINDOWS:/mnt/c/WINDOWS/System32/Wbem:/mnt/c/WINDOWS/System32/WindowsPowerShell/v1.0/:/mnt/c/WINDOWS/System32/OpenSSH/:/mnt/c/ProgramData/ComposerSetup/bin:/mnt/c/Program Files/Git/cmd:/mnt/c/Program Files/TortoiseSVN/bin:/mnt/c/Program Files/PuTTY/:/mnt/c/Program Files/Docker/Docker/resources/bin:/mnt/c/Program Files (x86)/Microsoft SQL Server/160/Tools/Binn/:/mnt/c/Program Files/Microsoft SQL Server/160/Tools/Binn/:/mnt/c/Program Files/Microsoft SQL Server/Client SDK/ODBC/170/Tools/Binn/:/mnt/c/Program Files/Microsoft SQL Server/160/DTS/Binn/:/mnt/c/Program Files/Azure Data Studio/bin:/mnt/c/Program Files (x86)/Microsoft SQL Server/160/DTS/Binn/:/mnt/c/Program Files/Microsoft SQL Server/150/Tools/Binn/:/mnt/c/Program Files/dotnet/:/mnt/c/Program Files/nodejs/:/mnt/c/Users/szebi/AppData/Local/Programs/Python/Python311/Scripts/:/mnt/c/Users/szebi/AppData/Local/Programs/Python/Python311/:/mnt/c/Users/szebi/AppData/Local/Programs/Python/Launcher/:/mnt/c/xampp/php:/mnt/c/Users/szebi/AppData/Local/Programs/Microsoft VS Code/bin:/mnt/c/Users/szebi/.dotnet/tools:/mnt/e/Flutter/flutter/bin:/mnt/c/Users/szebi/AppData/Roaming/npm:/mnt/c/Users/szebi/AppData/Local/Microsoft/WindowsApps:/snap/bin'), ('XDG_RUNTIME_DIR', '/run/user/1000/'), ('DISPLAY', ':0'), ('LANG', 'en_US.UTF-8'), ('LS_COLORS', 'rs=0:di=01;34:ln=01;36:mh=00:pi=40;33:so=01;35:do=01;35:bd=40;33;01:cd=40;33;01:or=40;31;01:mi=00:su=37;41:sg=30;43:ca=30;41:tw=30;42:ow=34;42:st=37;44:ex=01;32:*.tar=01;31:*.tgz=01;31:*.arc=01;31:*.arj=01;31:*.taz=01;31:*.lha=01;31:*.lz4=01;31:*.lzh=01;31:*.lzma=01;31:*.tlz=01;31:*.txz=01;31:*.tzo=01;31:*.t7z=01;31:*.zip=01;31:*.z=01;31:*.dz=01;31:*.gz=01;31:*.lrz=01;31:*.lz=01;31:*.lzo=01;31:*.xz=01;31:*.zst=01;31:*.tzst=01;31:*.bz2=01;31:*.bz=01;31:*.tbz=01;31:*.tbz2=01;31:*.tz=01;31:*.deb=01;31:*.rpm=01;31:*.jar=01;31:*.war=01;31:*.ear=01;31:*.sar=01;31:*.rar=01;31:*.alz=01;31:*.ace=01;31:*.zoo=01;31:*.cpio=01;31:*.7z=01;31:*.rz=01;31:*.cab=01;31:*.wim=01;31:*.swm=01;31:*.dwm=01;31:*.esd=01;31:*.jpg=01;35:*.jpeg=01;35:*.mjpg=01;35:*.mjpeg=01;35:*.gif=01;35:*.bmp=01;35:*.pbm=01;35:*.pgm=01;35:*.ppm=01;35:*.tga=01;35:*.xbm=01;35:*.xpm=01;35:*.tif=01;35:*.tiff=01;35:*.png=01;35:*.svg=01;35:*.svgz=01;35:*.mng=01;35:*.pcx=01;35:*.mov=01;35:*.mpg=01;35:*.mpeg=01;35:*.m2v=01;35:*.mkv=01;35:*.webm=01;35:*.webp=01;35:*.ogm=01;35:*.mp4=01;35:*.m4v=01;35:*.mp4v=01;35:*.vob=01;35:*.qt=01;35:*.nuv=01;35:*.wmv=01;35:*.asf=01;35:*.rm=01;35:*.rmvb=01;35:*.flc=01;35:*.avi=01;35:*.fli=01;35:*.flv=01;35:*.gl=01;35:*.dl=01;35:*.xcf=01;35:*.xwd=01;35:*.yuv=01;35:*.cgm=01;35:*.emf=01;35:*.ogv=01;35:*.ogx=01;35:*.aac=00;36:*.au=00;36:*.flac=00;36:*.m4a=00;36:*.mid=00;36:*.midi=00;36:*.mka=00;36:*.mp3=00;36:*.mpc=00;36:*.ogg=00;36:*.ra=00;36:*.wav=00;36:*.oga=00;36:*.opus=00;36:*.spx=00;36:*.xspf=00;36:'), ('AMENT_PREFIX_PATH', '/ros2_ws/install/temperature_monitoring:/opt/ros/humble'), ('SHELL', '/bin/bash'), ('LESSCLOSE', '/usr/bin/lesspipe %s %s'), ('PWD', '/ros2_ws/src/sze_a0t_temperature_monitoring/build/temperature_monitoring'), ('XDG_DATA_DIRS', '/usr/local/share:/usr/share:/var/lib/snapd/desktop'), ('PYTHONPATH', '/opt/ros/humble/lib/python3.10/site-packages:/opt/ros/humble/local/lib/python3.10/dist-packages'), ('COLCON', '1'), ('WSL2_GUI_APPS_ENABLED', '1'), ('HOSTTYPE', 'x86_64'), ('CMAKE_PREFIX_PATH', '/ros2_ws/install/temperature_monitoring:/opt/ros/humble'), ('WSLENV', '')]), 'shell': False}
[0.099468] (-) TimerEvent: {}
[0.199813] (-) TimerEvent: {}
[0.208610] (temperature_monitoring) StdoutLine: {'line': b'-- The C compiler identification is GNU 11.4.0\n'}
[0.299919] (-) TimerEvent: {}
[0.400276] (-) TimerEvent: {}
[0.500570] (-) TimerEvent: {}
[0.600882] (-) TimerEvent: {}
[0.701184] (-) TimerEvent: {}
[0.701950] (temperature_monitoring) StdoutLine: {'line': b'-- The CXX compiler identification is GNU 11.4.0\n'}
[0.801267] (-) TimerEvent: {}
[0.901585] (-) TimerEvent: {}
[1.001911] (-) TimerEvent: {}
[1.006942] (temperature_monitoring) StdoutLine: {'line': b'-- Detecting C compiler ABI info\n'}
[1.101985] (-) TimerEvent: {}
[1.135905] (temperature_monitoring) StdoutLine: {'line': b'-- Detecting C compiler ABI info - done\n'}
[1.140815] (temperature_monitoring) StdoutLine: {'line': b'-- Check for working C compiler: /usr/bin/cc - skipped\n'}
[1.141530] (temperature_monitoring) StdoutLine: {'line': b'-- Detecting C compile features\n'}
[1.142035] (temperature_monitoring) StdoutLine: {'line': b'-- Detecting C compile features - done\n'}
[1.144964] (temperature_monitoring) StdoutLine: {'line': b'-- Detecting CXX compiler ABI info\n'}
[1.202062] (-) TimerEvent: {}
[1.274054] (temperature_monitoring) StdoutLine: {'line': b'-- Detecting CXX compiler ABI info - done\n'}
[1.279053] (temperature_monitoring) StdoutLine: {'line': b'-- Check for working CXX compiler: /usr/bin/c++ - skipped\n'}
[1.279300] (temperature_monitoring) StdoutLine: {'line': b'-- Detecting CXX compile features\n'}
[1.279583] (temperature_monitoring) StdoutLine: {'line': b'-- Detecting CXX compile features - done\n'}
[1.287423] (temperature_monitoring) StdoutLine: {'line': b'-- Found ament_cmake: 1.3.10 (/opt/ros/humble/share/ament_cmake/cmake)\n'}
[1.302117] (-) TimerEvent: {}
[1.395659] (temperature_monitoring) StdoutLine: {'line': b'-- Found Python3: /usr/bin/python3 (found version "3.10.12") found components: Interpreter \n'}
[1.402161] (-) TimerEvent: {}
[1.449494] (temperature_monitoring) StdoutLine: {'line': b'-- Override CMake install command with custom implementation using symlinks instead of copying resources\n'}
[1.484756] (temperature_monitoring) StdoutLine: {'line': b'-- Found rclcpp: 16.0.10 (/opt/ros/humble/share/rclcpp/cmake)\n'}
[1.502262] (-) TimerEvent: {}
[1.602510] (-) TimerEvent: {}
[1.643416] (temperature_monitoring) StdoutLine: {'line': b'-- Found rosidl_generator_c: 3.1.5 (/opt/ros/humble/share/rosidl_generator_c/cmake)\n'}
[1.649418] (temperature_monitoring) StdoutLine: {'line': b'-- Found rosidl_adapter: 3.1.5 (/opt/ros/humble/share/rosidl_adapter/cmake)\n'}
[1.660285] (temperature_monitoring) StdoutLine: {'line': b'-- Found rosidl_generator_cpp: 3.1.5 (/opt/ros/humble/share/rosidl_generator_cpp/cmake)\n'}
[1.676852] (temperature_monitoring) StdoutLine: {'line': b'-- Using all available rosidl_typesupport_c: rosidl_typesupport_fastrtps_c;rosidl_typesupport_introspection_c\n'}
[1.694837] (temperature_monitoring) StdoutLine: {'line': b'-- Using all available rosidl_typesupport_cpp: rosidl_typesupport_fastrtps_cpp;rosidl_typesupport_introspection_cpp\n'}
[1.702552] (-) TimerEvent: {}
[1.730274] (temperature_monitoring) CommandEnded: {'returncode': -2}
[1.733508] (temperature_monitoring) StderrLine: {'line': b'Traceback (most recent call last):\n  File "/usr/lib/python3/dist-packages/colcon_parallel_executor/executor/parallel.py", line 75, in execute\n    loop.run_until_complete(future)\n  File "/usr/lib/python3.10/asyncio/base_events.py", line 636, in run_until_complete\n    self.run_forever()\n  File "/usr/lib/python3.10/asyncio/base_events.py", line 603, in run_forever\n    self._run_once()\n  File "/usr/lib/python3.10/asyncio/base_events.py", line 1871, in _run_once\n    event_list = self._selector.select(timeout)\n  File "/usr/lib/python3.10/selectors.py", line 469, in select\n    fd_event_list = self._selector.poll(timeout, max_ev)\nKeyboardInterrupt\n\nDuring handling of the above exception, another exception occurred:\n\nTraceback (most recent call last):\n  File "/usr/lib/python3/dist-packages/colcon_core/executor/__init__.py", line 91, in __call__\n    rc = await self.task(*args, **kwargs)\n  File "/usr/lib/python3/dist-packages/colcon_core/task/__init__.py", line 93, in __call__\n    return await task_method(*args, **kwargs)\n  File "/usr/lib/python3/dist-packages/colcon_ros/task/ament_cmake/build.py", line 59, in build\n    rc = await extension.build(\n  File "/usr/lib/python3/dist-packages/colcon_cmake/task/cmake/build.py", line 87, in build\n    rc = await self._reconfigure(args, env)\n  File "/usr/lib/python3/dist-packages/colcon_cmake/task/cmake/build.py", line 182, in _reconfigure\n    buildfile = get_buildfile(cmake_cache)\n  File "/usr/lib/python3/dist-packages/colcon_cmake/task/cmake/__init__.py", line 114, in get_buildfile\n    if \'Visual Studio\' in generator:\nTypeError: argument of type \'NoneType\' is not iterable\n'}
[1.733686] (temperature_monitoring) JobEnded: {'identifier': 'temperature_monitoring', 'rc': 'SIGINT'}
[1.744073] (-) EventReactorShutdown: {}
